Using pre-set license
Built from '2020.3/staging' branch; Version is '2020.3.13f1 (71691879b7f5) revision 7432472'; Using compiler version '192528614'; Build Type 'Release'
OS: 'Windows 10 Pro; OS build 19042.1052; Version 2009; 64bit' Language: 'zh' Physical Memory: 32481 MB
BatchMode: 1, IsHumanControllingUs: 0, StartBugReporterOnCrash: 0, Is64bit: 1, IsPro: 0

 COMMAND LINE ARGUMENTS:
D:\Program Files\Unity\Editor\Unity.exe
-adb2
-batchMode
-noUpm
-name
AssetImportWorker0
-projectPath
D:/course project/Project 1 Felix Li
-logFile
Logs/AssetImportWorker0.log
-srvPort
62919
Successfully changed project path to: D:/course project/Project 1 Felix Li
D:/course project/Project 1 Felix Li
Using Asset Import Pipeline V2.
Refreshing native plugins compatible for Editor in 20.37 ms, found 2 plugins.
Preloading 0 native plugins for Editor in 0.00 ms.
Initialize engine version: 2020.3.13f1 (71691879b7f5)
[Subsystems] Discovering subsystems at path D:/Program Files/Unity/Editor/Data/Resources/UnitySubsystems
[Subsystems] Discovering subsystems at path D:/course project/Project 1 Felix Li/Assets
GfxDevice: creating device client; threaded=0
Direct3D:
    Version:  Direct3D 11.0 [level 11.1]
    Renderer: NVIDIA GeForce RTX 2070 SUPER (ID=0x1e84)
    Vendor:   
    VRAM:     8011 MB
    Driver:   27.21.14.5206
Initialize mono
Mono path[0] = 'D:/Program Files/Unity/Editor/Data/Managed'
Mono path[1] = 'D:/Program Files/Unity/Editor/Data/MonoBleedingEdge/lib/mono/unityjit'
Mono config path = 'D:/Program Files/Unity/Editor/Data/MonoBleedingEdge/etc'
Using monoOptions --debugger-agent=transport=dt_socket,embedding=1,server=y,suspend=n,address=127.0.0.1:56184
Begin MonoManager ReloadAssembly
Registering precompiled unity dll's ...
Register platform support module: D:/Program Files/Unity/Editor/Data/PlaybackEngines/WindowsStandaloneSupport/UnityEditor.WindowsStandalone.Extensions.dll
Registered in 0.000689 seconds.
Native extension for WindowsStandalone target not found
Refreshing native plugins compatible for Editor in 20.27 ms, found 2 plugins.
Preloading 0 native plugins for Editor in 0.00 ms.
Mono: successfully reloaded assembly
- Completed reload, in  0.637 seconds
Platform modules already initialized, skipping
Registering precompiled user dll's ...
Registered in 0.001539 seconds.
Begin MonoManager ReloadAssembly
Native extension for WindowsStandalone target not found
Refreshing native plugins compatible for Editor in 0.28 ms, found 2 plugins.
Preloading 0 native plugins for Editor in 0.00 ms.
Mono: successfully reloaded assembly
- Completed reload, in  0.722 seconds
Platform modules already initialized, skipping
========================================================================
Worker process is ready to serve import requests
Launched and connected shader compiler UnityShaderCompiler.exe after 0.20 seconds
Refreshing native plugins compatible for Editor in 0.26 ms, found 2 plugins.
Preloading 0 native plugins for Editor in 0.00 ms.
Unloading 1390 Unused Serialized files (Serialized files now loaded: 0)
System memory in use before: 64.7 MB.
System memory in use after: 64.8 MB.

Unloading 19 unused Assets to reduce memory usage. Loaded Objects now: 1823.
Total: 1.816000 ms (FindLiveObjects: 0.128200 ms CreateObjectMapping: 0.032200 ms MarkObjects: 1.595800 ms  DeleteObjects: 0.059100 ms)

AssetImportParameters requested are different than current active one (requested -> active):
  custom:framework-win-MediaFoundation: 216162199b28c13a410421893ffa2e32 -> 
  custom:video-decoder-ogg-theora: a1e56fd34408186e4bbccfd4996cb3dc -> 
  custom:container-muxer-webm: aa71ff27fc2769a1b78a27578f13a17b -> 
  custom:container-demuxer-webm: 4f35f7cbe854078d1ac9338744f61a02 -> 
  custom:container-demuxer-ogg: 62fdf1f143b41e24485cea50d1cbac27 -> 
  custom:video-encoder-webm-vp8: eb34c28f22e8b96e1ab97ce403110664 -> 
  custom:video-decoder-webm-vp8: 9c59270c3fd7afecdb556c50c9e8de78 -> 
  custom:audio-decoder-ogg-vorbis: bf7c407c2cedff20999df2af8eb42d56 -> 
  custom:audio-encoder-webm-vorbis: bf7c407c2cedff20999df2af8eb42d56 -> 
========================================================================
Received Import Request.
  path: Assets
  artifactKey: Guid(00000000000000001000000000000000) Importer(815301076,1909f56bfc062723c751e8b465ee728b)
Start importing Assets using Guid(00000000000000001000000000000000) Importer(815301076,1909f56bfc062723c751e8b465ee728b)  -> (artifact id: '42d402b061de3733987d63b9cc3b64de') in 0.002923 seconds 
  Import took 0.011535 seconds .

========================================================================
Received Import Request.
  Time since last request: 4.669489 seconds.
  path: Assets/Scripts
  artifactKey: Guid(c90582ebedebae6478fc8ddefdd61c5e) Importer(815301076,1909f56bfc062723c751e8b465ee728b)
Start importing Assets/Scripts using Guid(c90582ebedebae6478fc8ddefdd61c5e) Importer(815301076,1909f56bfc062723c751e8b465ee728b)  -> (artifact id: '77d79e9140315c1168e3a7d0537a74aa') in 0.001428 seconds 
  Import took 0.013414 seconds .

========================================================================
Received Import Request.
  Time since last request: 21.211838 seconds.
  path: Assets/Scripts/CubeController.cs
  artifactKey: Guid(65900fe7a372bce48b20003b0c533376) Importer(815301076,1909f56bfc062723c751e8b465ee728b)
Start importing Assets/Scripts/CubeController.cs using Guid(65900fe7a372bce48b20003b0c533376) Importer(815301076,1909f56bfc062723c751e8b465ee728b)  -> (artifact id: 'eaf623509135490f97ad313f2b8090c6') in 0.036661 seconds 
  Import took 0.044594 seconds .

========================================================================
Received Prepare
Registering precompiled user dll's ...
Registered in 0.001477 seconds.
Begin MonoManager ReloadAssembly
Native extension for WindowsStandalone target not found
Refreshing native plugins compatible for Editor in 0.25 ms, found 2 plugins.
Preloading 0 native plugins for Editor in 0.00 ms.
Mono: successfully reloaded assembly
- Completed reload, in  0.701 seconds
Platform modules already initialized, skipping
Refreshing native plugins compatible for Editor in 0.22 ms, found 2 plugins.
Preloading 0 native plugins for Editor in 0.00 ms.
Unloading 1386 Unused Serialized files (Serialized files now loaded: 0)
System memory in use before: 64.7 MB.
System memory in use after: 64.8 MB.

Unloading 14 unused Assets to reduce memory usage. Loaded Objects now: 1827.
Total: 1.414100 ms (FindLiveObjects: 0.124300 ms CreateObjectMapping: 0.035400 ms MarkObjects: 1.220300 ms  DeleteObjects: 0.033400 ms)

AssetImportParameters requested are different than current active one (requested -> active):
  custom:framework-win-MediaFoundation: 216162199b28c13a410421893ffa2e32 -> 
  custom:video-decoder-ogg-theora: a1e56fd34408186e4bbccfd4996cb3dc -> 
  custom:container-muxer-webm: aa71ff27fc2769a1b78a27578f13a17b -> 
  custom:container-demuxer-webm: 4f35f7cbe854078d1ac9338744f61a02 -> 
  custom:container-demuxer-ogg: 62fdf1f143b41e24485cea50d1cbac27 -> 
  custom:video-encoder-webm-vp8: eb34c28f22e8b96e1ab97ce403110664 -> 
  custom:video-decoder-webm-vp8: 9c59270c3fd7afecdb556c50c9e8de78 -> 
  custom:audio-decoder-ogg-vorbis: bf7c407c2cedff20999df2af8eb42d56 -> 
  custom:audio-encoder-webm-vorbis: bf7c407c2cedff20999df2af8eb42d56 -> 
========================================================================
Received Import Request.
  Time since last request: 147.806638 seconds.
  path: Assets/Material
  artifactKey: Guid(27abfc53fc256d74d9517b85d4a4dc13) Importer(815301076,1909f56bfc062723c751e8b465ee728b)
Start importing Assets/Material using Guid(27abfc53fc256d74d9517b85d4a4dc13) Importer(815301076,1909f56bfc062723c751e8b465ee728b)  -> (artifact id: 'b3f8845873687ec2e2f5c5dde1691fe6') in 0.003947 seconds 
  Import took 0.005998 seconds .

========================================================================
Received Import Request.
  Time since last request: 18.755076 seconds.
  path: Assets/Material/Cube.mat
  artifactKey: Guid(fa94d4759fc15334abca29a61b007192) Importer(815301076,1909f56bfc062723c751e8b465ee728b)
Start importing Assets/Material/Cube.mat using Guid(fa94d4759fc15334abca29a61b007192) Importer(815301076,1909f56bfc062723c751e8b465ee728b)  -> (artifact id: '87211798bcc66c6476b89504ca359dd7') in 0.068783 seconds 
  Import took 0.070628 seconds .

========================================================================
Received Import Request.
  Time since last request: 11.210196 seconds.
  path: Assets/Material/Cube.mat
  artifactKey: Guid(fa94d4759fc15334abca29a61b007192) Importer(815301076,1909f56bfc062723c751e8b465ee728b)
Start importing Assets/Material/Cube.mat using Guid(fa94d4759fc15334abca29a61b007192) Importer(815301076,1909f56bfc062723c751e8b465ee728b)  -> (artifact id: '0eeb64678a7e46e869326c399c019b21') in 0.005705 seconds 
  Import took 0.008071 seconds .

========================================================================
Received Prepare
Registering precompiled user dll's ...
Registered in 0.002164 seconds.
Begin MonoManager ReloadAssembly
Native extension for WindowsStandalone target not found
Refreshing native plugins compatible for Editor in 0.25 ms, found 2 plugins.
Preloading 0 native plugins for Editor in 0.00 ms.
Mono: successfully reloaded assembly
- Completed reload, in  0.719 seconds
Platform modules already initialized, skipping
Refreshing native plugins compatible for Editor in 0.24 ms, found 2 plugins.
Preloading 0 native plugins for Editor in 0.00 ms.
Unloading 1394 Unused Serialized files (Serialized files now loaded: 0)
System memory in use before: 68.3 MB.
System memory in use after: 68.3 MB.

Unloading 14 unused Assets to reduce memory usage. Loaded Objects now: 1878.
Total: 1.407100 ms (FindLiveObjects: 0.119000 ms CreateObjectMapping: 0.033800 ms MarkObjects: 1.214600 ms  DeleteObjects: 0.039000 ms)

AssetImportParameters requested are different than current active one (requested -> active):
  custom:framework-win-MediaFoundation: 216162199b28c13a410421893ffa2e32 -> 
  custom:video-decoder-ogg-theora: a1e56fd34408186e4bbccfd4996cb3dc -> 
  custom:container-muxer-webm: aa71ff27fc2769a1b78a27578f13a17b -> 
  custom:container-demuxer-webm: 4f35f7cbe854078d1ac9338744f61a02 -> 
  custom:container-demuxer-ogg: 62fdf1f143b41e24485cea50d1cbac27 -> 
  custom:video-encoder-webm-vp8: eb34c28f22e8b96e1ab97ce403110664 -> 
  custom:video-decoder-webm-vp8: 9c59270c3fd7afecdb556c50c9e8de78 -> 
  custom:audio-decoder-ogg-vorbis: bf7c407c2cedff20999df2af8eb42d56 -> 
  custom:audio-encoder-webm-vorbis: bf7c407c2cedff20999df2af8eb42d56 -> 
========================================================================
Received Import Request.
  Time since last request: 83185.354772 seconds.
  path: Assets/Materials/Background.mat
  artifactKey: Guid(476147690d83d47dd87be5fa85081ba7) Importer(815301076,1909f56bfc062723c751e8b465ee728b)
Start importing Assets/Materials/Background.mat using Guid(476147690d83d47dd87be5fa85081ba7) Importer(815301076,1909f56bfc062723c751e8b465ee728b)  -> (artifact id: '4dea29d78707d21b7c65a05460b16106') in 0.042029 seconds 
  Import took 0.044889 seconds .

========================================================================
Received Import Request.
  Time since last request: 0.000264 seconds.
  path: Assets/Materials/pickupmaterial.mat
  artifactKey: Guid(72a72eaf5889044f2aa6a23d66aceffa) Importer(815301076,1909f56bfc062723c751e8b465ee728b)
Start importing Assets/Materials/pickupmaterial.mat using Guid(72a72eaf5889044f2aa6a23d66aceffa) Importer(815301076,1909f56bfc062723c751e8b465ee728b)  -> (artifact id: 'b70646079d5286318b9e7273a3dad07e') in 0.006794 seconds 
  Import took 0.008844 seconds .

========================================================================
Received Import Request.
  Time since last request: 0.000182 seconds.
  path: Assets/Materials/FloaterMaterial.mat
  artifactKey: Guid(5edf30bc5422fbd409697f73861e8357) Importer(815301076,1909f56bfc062723c751e8b465ee728b)
Start importing Assets/Materials/FloaterMaterial.mat using Guid(5edf30bc5422fbd409697f73861e8357) Importer(815301076,1909f56bfc062723c751e8b465ee728b)  -> (artifact id: '877165b5c1c7154a2ae2fa51941c3131') in 0.012451 seconds 
  Import took 0.014252 seconds .

========================================================================
Received Import Request.
  Time since last request: 0.000230 seconds.
  path: Assets/Materials/Background2Mat.mat
  artifactKey: Guid(80872fdc9a8676242ade65049397a88e) Importer(815301076,1909f56bfc062723c751e8b465ee728b)
Start importing Assets/Materials/Background2Mat.mat using Guid(80872fdc9a8676242ade65049397a88e) Importer(815301076,1909f56bfc062723c751e8b465ee728b)  -> (artifact id: '64343e712b33d9f87eae7832b054898d') in 0.006857 seconds 
  Import took 0.017710 seconds .

========================================================================
Received Import Request.
  Time since last request: 11.040390 seconds.
  path: Assets/Materials/yellow.mat
  artifactKey: Guid(72a72eaf5889044f2aa6a23d66aceffa) Importer(815301076,1909f56bfc062723c751e8b465ee728b)
Start importing Assets/Materials/yellow.mat using Guid(72a72eaf5889044f2aa6a23d66aceffa) Importer(815301076,1909f56bfc062723c751e8b465ee728b)  -> (artifact id: 'bbca79ec0742f61bb9d12337329017e2') in 0.007297 seconds 
  Import took 0.009274 seconds .

========================================================================
Received Import Request.
  Time since last request: 7.453830 seconds.
  path: Assets/Materials/blue.mat
  artifactKey: Guid(5edf30bc5422fbd409697f73861e8357) Importer(815301076,1909f56bfc062723c751e8b465ee728b)
Start importing Assets/Materials/blue.mat using Guid(5edf30bc5422fbd409697f73861e8357) Importer(815301076,1909f56bfc062723c751e8b465ee728b)  -> (artifact id: '818272f667c5aa8e072400bde47395a7') in 0.010868 seconds 
  Import took 0.012672 seconds .

========================================================================
Received Import Request.
  Time since last request: 8.022068 seconds.
  path: Assets/Materials/darkblue.mat
  artifactKey: Guid(80872fdc9a8676242ade65049397a88e) Importer(815301076,1909f56bfc062723c751e8b465ee728b)
Start importing Assets/Materials/darkblue.mat using Guid(80872fdc9a8676242ade65049397a88e) Importer(815301076,1909f56bfc062723c751e8b465ee728b)  -> (artifact id: 'b22e5d49aa9dfb676a02ae6b6ad7cc60') in 0.008119 seconds 
  Import took 0.009948 seconds .

========================================================================
Received Import Request.
  Time since last request: 7.003861 seconds.
  path: Assets/Materials/darkblue2.mat
  artifactKey: Guid(476147690d83d47dd87be5fa85081ba7) Importer(815301076,1909f56bfc062723c751e8b465ee728b)
Start importing Assets/Materials/darkblue2.mat using Guid(476147690d83d47dd87be5fa85081ba7) Importer(815301076,1909f56bfc062723c751e8b465ee728b)  -> (artifact id: 'e43e99a4ff214ac91fab8dc07193bb20') in 0.011222 seconds 
  Import took 0.013561 seconds .

========================================================================
Received Import Request.
  Time since last request: 7.017283 seconds.
  path: Assets/Materials/blue2.mat
  artifactKey: Guid(80872fdc9a8676242ade65049397a88e) Importer(815301076,1909f56bfc062723c751e8b465ee728b)
Start importing Assets/Materials/blue2.mat using Guid(80872fdc9a8676242ade65049397a88e) Importer(815301076,1909f56bfc062723c751e8b465ee728b)  -> (artifact id: '96a4659596b46cf18fd045d3920bf3e1') in 0.006948 seconds 
  Import took 0.008790 seconds .

========================================================================
Received Import Request.
  Time since last request: 13.904162 seconds.
  path: Assets/Materials/darkblue.mat
  artifactKey: Guid(476147690d83d47dd87be5fa85081ba7) Importer(815301076,1909f56bfc062723c751e8b465ee728b)
Start importing Assets/Materials/darkblue.mat using Guid(476147690d83d47dd87be5fa85081ba7) Importer(815301076,1909f56bfc062723c751e8b465ee728b)  -> (artifact id: '4d0bff27e7172dd8cc9342630d1d6586') in 0.006902 seconds 
  Import took 0.008712 seconds .

========================================================================
Received Import Request.
  Time since last request: 5.518256 seconds.
  path: Assets/Prefabs
  artifactKey: Guid(2c23564f550013248b20debfe1c8121c) Importer(815301076,1909f56bfc062723c751e8b465ee728b)
Start importing Assets/Prefabs using Guid(2c23564f550013248b20debfe1c8121c) Importer(815301076,1909f56bfc062723c751e8b465ee728b)  -> (artifact id: '6b56fdf88b080143322e6d7fffeedb9a') in 0.001427 seconds 
  Import took 0.003796 seconds .

========================================================================
Received Import Request.
  Time since last request: 0.023398 seconds.
  path: Assets/Prefabs/Blocker.prefab
  artifactKey: Guid(56856aa4373c85e49b3c09e4292606b0) Importer(815301076,1909f56bfc062723c751e8b465ee728b)
Start importing Assets/Prefabs/Blocker.prefab using Guid(56856aa4373c85e49b3c09e4292606b0) Importer(815301076,1909f56bfc062723c751e8b465ee728b)  -> (artifact id: '33ef9d5fa6968e2c8c0e27d2a6eb6d5e') in 0.014717 seconds 
  Import took 0.016536 seconds .

========================================================================
Received Import Request.
  Time since last request: 0.000254 seconds.
  path: Assets/Prefabs/Pickup.prefab
  artifactKey: Guid(126b170600b494d1dad9257d3babd84a) Importer(815301076,1909f56bfc062723c751e8b465ee728b)
Start importing Assets/Prefabs/Pickup.prefab using Guid(126b170600b494d1dad9257d3babd84a) Importer(815301076,1909f56bfc062723c751e8b465ee728b)  -> (artifact id: '6281a9a011af3c70ab99b876274be27b') in 0.005606 seconds 
  Import took 0.015710 seconds .

========================================================================
Received Import Request.
  Time since last request: 13.295172 seconds.
  path: Assets/Prefabs/cube.prefab
  artifactKey: Guid(126b170600b494d1dad9257d3babd84a) Importer(815301076,1909f56bfc062723c751e8b465ee728b)
Start importing Assets/Prefabs/cube.prefab using Guid(126b170600b494d1dad9257d3babd84a) Importer(815301076,1909f56bfc062723c751e8b465ee728b)  -> (artifact id: '91e3334a58f4f739058951020c6b0552') in 0.015362 seconds 
  Import took 0.017209 seconds .

========================================================================
Received Import Request.
  Time since last request: 56.575105 seconds.
  path: Assets/Scripts/Background.cs
  artifactKey: Guid(e0c9a7f85a4fe9f438b735ebeb5a0ce5) Importer(815301076,1909f56bfc062723c751e8b465ee728b)
Start importing Assets/Scripts/Background.cs using Guid(e0c9a7f85a4fe9f438b735ebeb5a0ce5) Importer(815301076,1909f56bfc062723c751e8b465ee728b)  -> (artifact id: '60eb6627e2499125af8682d0a5e40d3a') in 0.001106 seconds 
  Import took 0.002835 seconds .

========================================================================
Received Import Request.
  Time since last request: 0.000596 seconds.
  path: Assets/Scripts/Background.cs
  artifactKey: Guid(e0c9a7f85a4fe9f438b735ebeb5a0ce5) Importer(815301076,1909f56bfc062723c751e8b465ee728b)
Start importing Assets/Scripts/Background.cs using Guid(e0c9a7f85a4fe9f438b735ebeb5a0ce5) Importer(815301076,1909f56bfc062723c751e8b465ee728b)  -> (artifact id: '60eb6627e2499125af8682d0a5e40d3a') in 0.001065 seconds 
  Import took 0.002601 seconds .

========================================================================
Received Import Request.
  Time since last request: 0.472611 seconds.
  path: Assets/Scripts/Blocker.cs
  artifactKey: Guid(6dcf9fe10f677db479e5a8271c4a4167) Importer(815301076,1909f56bfc062723c751e8b465ee728b)
Start importing Assets/Scripts/Blocker.cs using Guid(6dcf9fe10f677db479e5a8271c4a4167) Importer(815301076,1909f56bfc062723c751e8b465ee728b)  -> (artifact id: '379bfb7f6a6a834862c2fe825687b6ea') in 0.001121 seconds 
  Import took 0.003960 seconds .

========================================================================
Received Import Request.
  Time since last request: 0.000535 seconds.
  path: Assets/Scripts/Blocker.cs
  artifactKey: Guid(6dcf9fe10f677db479e5a8271c4a4167) Importer(815301076,1909f56bfc062723c751e8b465ee728b)
Start importing Assets/Scripts/Blocker.cs using Guid(6dcf9fe10f677db479e5a8271c4a4167) Importer(815301076,1909f56bfc062723c751e8b465ee728b)  -> (artifact id: '379bfb7f6a6a834862c2fe825687b6ea') in 0.001122 seconds 
  Import took 0.002858 seconds .

========================================================================
Received Import Request.
  Time since last request: 0.506282 seconds.
  path: Assets/Scripts/CameraController.cs
  artifactKey: Guid(8675ef64aaff44d43b506847a9c12c04) Importer(815301076,1909f56bfc062723c751e8b465ee728b)
Start importing Assets/Scripts/CameraController.cs using Guid(8675ef64aaff44d43b506847a9c12c04) Importer(815301076,1909f56bfc062723c751e8b465ee728b)  -> (artifact id: '66aa94d3db8a3f75858c987eeefb650a') in 0.001412 seconds 
  Import took 0.003282 seconds .

========================================================================
Received Import Request.
  Time since last request: 13.273584 seconds.
  path: Assets/Scripts/Floater.cs
  artifactKey: Guid(1fd2064b6c1e26645bddc67985bfb9da) Importer(815301076,1909f56bfc062723c751e8b465ee728b)
Start importing Assets/Scripts/Floater.cs using Guid(1fd2064b6c1e26645bddc67985bfb9da) Importer(815301076,1909f56bfc062723c751e8b465ee728b)  -> (artifact id: 'eaa0c2f435e5f09e4d7b7c2a0e79ed54') in 0.001335 seconds 
  Import took 0.003054 seconds .

========================================================================
Received Import Request.
  Time since last request: 0.000274 seconds.
  path: Assets/Scripts/Floater.cs
  artifactKey: Guid(1fd2064b6c1e26645bddc67985bfb9da) Importer(815301076,1909f56bfc062723c751e8b465ee728b)
Start importing Assets/Scripts/Floater.cs using Guid(1fd2064b6c1e26645bddc67985bfb9da) Importer(815301076,1909f56bfc062723c751e8b465ee728b)  -> (artifact id: 'eaa0c2f435e5f09e4d7b7c2a0e79ed54') in 0.001067 seconds 
  Import took 0.002580 seconds .

========================================================================
Received Import Request.
  Time since last request: 0.788844 seconds.
  path: Assets/Scripts/Wall.cs
  artifactKey: Guid(af86d3065fbdb5b4aac26c6f56190c70) Importer(815301076,1909f56bfc062723c751e8b465ee728b)
Start importing Assets/Scripts/Wall.cs using Guid(af86d3065fbdb5b4aac26c6f56190c70) Importer(815301076,1909f56bfc062723c751e8b465ee728b)  -> (artifact id: '7c069dd18624b10ad22c51cc3e9a9c16') in 0.001285 seconds 
  Import took 0.003029 seconds .

========================================================================
Received Import Request.
  Time since last request: 24.082998 seconds.
  path: Assets/Scripts/Rotator.cs
  artifactKey: Guid(1f6e6936c2124414ebb788dceed5fe65) Importer(815301076,1909f56bfc062723c751e8b465ee728b)
Start importing Assets/Scripts/Rotator.cs using Guid(1f6e6936c2124414ebb788dceed5fe65) Importer(815301076,1909f56bfc062723c751e8b465ee728b)  -> (artifact id: 'd9e14b2c9a078fb8c54f35c1e251e215') in 0.001374 seconds 
  Import took 0.003330 seconds .

========================================================================
Received Import Request.
  Time since last request: 11.803819 seconds.
  path: Assets/Scripts/MovePlayer.cs
  artifactKey: Guid(8945f84addc87439d85264ab6e558b84) Importer(815301076,1909f56bfc062723c751e8b465ee728b)
Start importing Assets/Scripts/MovePlayer.cs using Guid(8945f84addc87439d85264ab6e558b84) Importer(815301076,1909f56bfc062723c751e8b465ee728b)  -> (artifact id: 'a887ed9c06911d55c30ed920a544373c') in 0.001322 seconds 
  Import took 0.012732 seconds .

========================================================================
Received Import Request.
  Time since last request: 0.012341 seconds.
  path: Assets/Scripts/MovePlayer.cs
  artifactKey: Guid(8945f84addc87439d85264ab6e558b84) Importer(815301076,1909f56bfc062723c751e8b465ee728b)
Start importing Assets/Scripts/MovePlayer.cs using Guid(8945f84addc87439d85264ab6e558b84) Importer(815301076,1909f56bfc062723c751e8b465ee728b)  -> (artifact id: 'a887ed9c06911d55c30ed920a544373c') in 0.001154 seconds 
  Import took 0.002968 seconds .

========================================================================
Received Import Request.
  Time since last request: 30.789196 seconds.
  path: Assets/Scripts/Mover.cs
  artifactKey: Guid(6dcf9fe10f677db479e5a8271c4a4167) Importer(815301076,1909f56bfc062723c751e8b465ee728b)
Start importing Assets/Scripts/Mover.cs using Guid(6dcf9fe10f677db479e5a8271c4a4167) Importer(815301076,1909f56bfc062723c751e8b465ee728b)  -> (artifact id: '29af0ae8005226ef2a73e606b2970a8a') in 0.001290 seconds 
  Import took 0.003184 seconds .

========================================================================
Received Import Request.
  Time since last request: 10.259946 seconds.
  path: Assets/Scripts/AudioPeer.cs
  artifactKey: Guid(d9d97f21a307d8f468a18efa4ee184a3) Importer(815301076,1909f56bfc062723c751e8b465ee728b)
Start importing Assets/Scripts/AudioPeer.cs using Guid(d9d97f21a307d8f468a18efa4ee184a3) Importer(815301076,1909f56bfc062723c751e8b465ee728b)  -> (artifact id: 'dbc5a3a9a7847c3d5948230e12c73587') in 0.002094 seconds 
  Import took 0.003757 seconds .

========================================================================
Received Import Request.
  Time since last request: 40.930976 seconds.
  path: Assets/Audio
  artifactKey: Guid(a8b6afd11b2f8944e8fd125682f05b67) Importer(815301076,1909f56bfc062723c751e8b465ee728b)
Start importing Assets/Audio using Guid(a8b6afd11b2f8944e8fd125682f05b67) Importer(815301076,1909f56bfc062723c751e8b465ee728b)  -> (artifact id: '7004e45f926e5b0a9f66734f14daac75') in 0.001354 seconds 
  Import took 0.003085 seconds .

========================================================================
Received Import Request.
  Time since last request: 0.078767 seconds.
  path: Assets/Audio/ES_You Blow My Mind - Hallman.mp3
  artifactKey: Guid(6ec63e531ca7df44caca85df455e5202) Importer(815301076,1909f56bfc062723c751e8b465ee728b)
Start importing Assets/Audio/ES_You Blow My Mind - Hallman.mp3 using Guid(6ec63e531ca7df44caca85df455e5202) Importer(815301076,1909f56bfc062723c751e8b465ee728b)  -> (artifact id: 'cb6d97c2d4aa72c6854c685d6adfa855') in 0.095248 seconds 
  Import took 0.097064 seconds .

========================================================================
Received Prepare
Registering precompiled user dll's ...
Registered in 0.002031 seconds.
Begin MonoManager ReloadAssembly
Native extension for WindowsStandalone target not found
Refreshing native plugins compatible for Editor in 0.25 ms, found 2 plugins.
Preloading 0 native plugins for Editor in 0.00 ms.
Mono: successfully reloaded assembly
- Completed reload, in  0.693 seconds
Platform modules already initialized, skipping
Refreshing native plugins compatible for Editor in 0.25 ms, found 2 plugins.
Preloading 0 native plugins for Editor in 0.00 ms.
Unloading 1391 Unused Serialized files (Serialized files now loaded: 0)
System memory in use before: 68.3 MB.
System memory in use after: 68.4 MB.

Unloading 17 unused Assets to reduce memory usage. Loaded Objects now: 1882.
Total: 1.419100 ms (FindLiveObjects: 0.115000 ms CreateObjectMapping: 0.035500 ms MarkObjects: 1.232000 ms  DeleteObjects: 0.035900 ms)

AssetImportParameters requested are different than current active one (requested -> active):
  custom:framework-win-MediaFoundation: 216162199b28c13a410421893ffa2e32 -> 
  custom:video-decoder-ogg-theora: a1e56fd34408186e4bbccfd4996cb3dc -> 
  custom:container-muxer-webm: aa71ff27fc2769a1b78a27578f13a17b -> 
  custom:container-demuxer-webm: 4f35f7cbe854078d1ac9338744f61a02 -> 
  custom:container-demuxer-ogg: 62fdf1f143b41e24485cea50d1cbac27 -> 
  custom:video-encoder-webm-vp8: eb34c28f22e8b96e1ab97ce403110664 -> 
  custom:video-decoder-webm-vp8: 9c59270c3fd7afecdb556c50c9e8de78 -> 
  custom:audio-decoder-ogg-vorbis: bf7c407c2cedff20999df2af8eb42d56 -> 
  custom:audio-encoder-webm-vorbis: bf7c407c2cedff20999df2af8eb42d56 -> 
========================================================================
Received Import Request.
  Time since last request: 175.130891 seconds.
  path: Assets/Scripts/Mover.cs
  artifactKey: Guid(6dcf9fe10f677db479e5a8271c4a4167) Importer(815301076,1909f56bfc062723c751e8b465ee728b)
Start importing Assets/Scripts/Mover.cs using Guid(6dcf9fe10f677db479e5a8271c4a4167) Importer(815301076,1909f56bfc062723c751e8b465ee728b)  -> (artifact id: '3e6212cfe622e30988485301d869323c') in 0.002718 seconds 
  Import took 0.004880 seconds .

========================================================================
Received Prepare
Registering precompiled user dll's ...
Registered in 0.002045 seconds.
Begin MonoManager ReloadAssembly
Native extension for WindowsStandalone target not found
Refreshing native plugins compatible for Editor in 0.25 ms, found 2 plugins.
Preloading 0 native plugins for Editor in 0.00 ms.
Mono: successfully reloaded assembly
- Completed reload, in  0.683 seconds
Platform modules already initialized, skipping
Refreshing native plugins compatible for Editor in 0.23 ms, found 2 plugins.
Preloading 0 native plugins for Editor in 0.00 ms.
Unloading 1391 Unused Serialized files (Serialized files now loaded: 0)
System memory in use before: 68.3 MB.
System memory in use after: 68.4 MB.

Unloading 14 unused Assets to reduce memory usage. Loaded Objects now: 1885.
Total: 1.485400 ms (FindLiveObjects: 0.151400 ms CreateObjectMapping: 0.043300 ms MarkObjects: 1.256800 ms  DeleteObjects: 0.032900 ms)

AssetImportParameters requested are different than current active one (requested -> active):
  custom:framework-win-MediaFoundation: 216162199b28c13a410421893ffa2e32 -> 
  custom:video-decoder-ogg-theora: a1e56fd34408186e4bbccfd4996cb3dc -> 
  custom:container-muxer-webm: aa71ff27fc2769a1b78a27578f13a17b -> 
  custom:container-demuxer-webm: 4f35f7cbe854078d1ac9338744f61a02 -> 
  custom:container-demuxer-ogg: 62fdf1f143b41e24485cea50d1cbac27 -> 
  custom:video-encoder-webm-vp8: eb34c28f22e8b96e1ab97ce403110664 -> 
  custom:video-decoder-webm-vp8: 9c59270c3fd7afecdb556c50c9e8de78 -> 
  custom:audio-decoder-ogg-vorbis: bf7c407c2cedff20999df2af8eb42d56 -> 
  custom:audio-encoder-webm-vorbis: bf7c407c2cedff20999df2af8eb42d56 -> 
========================================================================
Received Import Request.
  Time since last request: 77.466293 seconds.
  path: Assets/Scripts/Rotator.cs
  artifactKey: Guid(1f6e6936c2124414ebb788dceed5fe65) Importer(815301076,1909f56bfc062723c751e8b465ee728b)
Start importing Assets/Scripts/Rotator.cs using Guid(1f6e6936c2124414ebb788dceed5fe65) Importer(815301076,1909f56bfc062723c751e8b465ee728b)  -> (artifact id: '7984808c5fcd3e50ba370072c4815a2f') in 0.002701 seconds 
  Import took 0.004262 seconds .

========================================================================
Received Prepare
Registering precompiled user dll's ...
Registered in 0.001962 seconds.
Begin MonoManager ReloadAssembly
Native extension for WindowsStandalone target not found
Refreshing native plugins compatible for Editor in 0.25 ms, found 2 plugins.
Preloading 0 native plugins for Editor in 0.00 ms.
Mono: successfully reloaded assembly
- Completed reload, in  0.664 seconds
Platform modules already initialized, skipping
Refreshing native plugins compatible for Editor in 0.22 ms, found 2 plugins.
Preloading 0 native plugins for Editor in 0.00 ms.
Unloading 1391 Unused Serialized files (Serialized files now loaded: 0)
System memory in use before: 68.3 MB.
System memory in use after: 68.4 MB.

Unloading 14 unused Assets to reduce memory usage. Loaded Objects now: 1888.
Total: 1.401600 ms (FindLiveObjects: 0.113800 ms CreateObjectMapping: 0.034400 ms MarkObjects: 1.220600 ms  DeleteObjects: 0.032000 ms)

AssetImportParameters requested are different than current active one (requested -> active):
  custom:framework-win-MediaFoundation: 216162199b28c13a410421893ffa2e32 -> 
  custom:video-decoder-ogg-theora: a1e56fd34408186e4bbccfd4996cb3dc -> 
  custom:container-muxer-webm: aa71ff27fc2769a1b78a27578f13a17b -> 
  custom:container-demuxer-webm: 4f35f7cbe854078d1ac9338744f61a02 -> 
  custom:container-demuxer-ogg: 62fdf1f143b41e24485cea50d1cbac27 -> 
  custom:video-encoder-webm-vp8: eb34c28f22e8b96e1ab97ce403110664 -> 
  custom:video-decoder-webm-vp8: 9c59270c3fd7afecdb556c50c9e8de78 -> 
  custom:audio-decoder-ogg-vorbis: bf7c407c2cedff20999df2af8eb42d56 -> 
  custom:audio-encoder-webm-vorbis: bf7c407c2cedff20999df2af8eb42d56 -> 
========================================================================
Received Prepare
Registering precompiled user dll's ...
Registered in 0.001933 seconds.
Begin MonoManager ReloadAssembly
Native extension for WindowsStandalone target not found
Refreshing native plugins compatible for Editor in 0.25 ms, found 2 plugins.
Preloading 0 native plugins for Editor in 0.00 ms.
Mono: successfully reloaded assembly
- Completed reload, in  0.672 seconds
Platform modules already initialized, skipping
Refreshing native plugins compatible for Editor in 0.24 ms, found 2 plugins.
Preloading 0 native plugins for Editor in 0.00 ms.
Unloading 1391 Unused Serialized files (Serialized files now loaded: 0)
System memory in use before: 68.3 MB.
System memory in use after: 68.4 MB.

Unloading 14 unused Assets to reduce memory usage. Loaded Objects now: 1891.
Total: 1.434200 ms (FindLiveObjects: 0.129800 ms CreateObjectMapping: 0.034800 ms MarkObjects: 1.232200 ms  DeleteObjects: 0.036600 ms)

AssetImportParameters requested are different than current active one (requested -> active):
  custom:framework-win-MediaFoundation: 216162199b28c13a410421893ffa2e32 -> 
  custom:video-decoder-ogg-theora: a1e56fd34408186e4bbccfd4996cb3dc -> 
  custom:container-muxer-webm: aa71ff27fc2769a1b78a27578f13a17b -> 
  custom:container-demuxer-webm: 4f35f7cbe854078d1ac9338744f61a02 -> 
  custom:container-demuxer-ogg: 62fdf1f143b41e24485cea50d1cbac27 -> 
  custom:video-encoder-webm-vp8: eb34c28f22e8b96e1ab97ce403110664 -> 
  custom:video-decoder-webm-vp8: 9c59270c3fd7afecdb556c50c9e8de78 -> 
  custom:audio-decoder-ogg-vorbis: bf7c407c2cedff20999df2af8eb42d56 -> 
  custom:audio-encoder-webm-vorbis: bf7c407c2cedff20999df2af8eb42d56 -> 
========================================================================
Received Import Request.
  Time since last request: 365.680610 seconds.
  path: Assets/Scripts/Scaler.cs
  artifactKey: Guid(45db486888857a14c87610ff4102d735) Importer(815301076,1909f56bfc062723c751e8b465ee728b)
Start importing Assets/Scripts/Scaler.cs using Guid(45db486888857a14c87610ff4102d735) Importer(815301076,1909f56bfc062723c751e8b465ee728b)  -> (artifact id: '9ed8a58ba742879a00f8e873003b7993') in 0.004258 seconds 
  Import took 0.006480 seconds .

========================================================================
Received Import Request.
  Time since last request: 0.000790 seconds.
  path: Assets/Scripts/Scaler.cs
  artifactKey: Guid(45db486888857a14c87610ff4102d735) Importer(815301076,1909f56bfc062723c751e8b465ee728b)
Start importing Assets/Scripts/Scaler.cs using Guid(45db486888857a14c87610ff4102d735) Importer(815301076,1909f56bfc062723c751e8b465ee728b)  -> (artifact id: '9ed8a58ba742879a00f8e873003b7993') in 0.001585 seconds 
  Import took 0.003372 seconds .

========================================================================
Received Prepare
Registering precompiled user dll's ...
Registered in 0.002120 seconds.
Begin MonoManager ReloadAssembly
Native extension for WindowsStandalone target not found
Refreshing native plugins compatible for Editor in 0.26 ms, found 2 plugins.
Preloading 0 native plugins for Editor in 0.00 ms.
Mono: successfully reloaded assembly
- Completed reload, in  0.691 seconds
Platform modules already initialized, skipping
Refreshing native plugins compatible for Editor in 0.27 ms, found 2 plugins.
Preloading 0 native plugins for Editor in 0.00 ms.
Unloading 1392 Unused Serialized files (Serialized files now loaded: 0)
System memory in use before: 68.4 MB.
System memory in use after: 68.4 MB.

Unloading 14 unused Assets to reduce memory usage. Loaded Objects now: 1895.
Total: 1.623800 ms (FindLiveObjects: 0.124700 ms CreateObjectMapping: 0.035900 ms MarkObjects: 1.415500 ms  DeleteObjects: 0.047000 ms)

AssetImportParameters requested are different than current active one (requested -> active):
  custom:framework-win-MediaFoundation: 216162199b28c13a410421893ffa2e32 -> 
  custom:video-decoder-ogg-theora: a1e56fd34408186e4bbccfd4996cb3dc -> 
  custom:container-muxer-webm: aa71ff27fc2769a1b78a27578f13a17b -> 
  custom:container-demuxer-webm: 4f35f7cbe854078d1ac9338744f61a02 -> 
  custom:container-demuxer-ogg: 62fdf1f143b41e24485cea50d1cbac27 -> 
  custom:video-encoder-webm-vp8: eb34c28f22e8b96e1ab97ce403110664 -> 
  custom:video-decoder-webm-vp8: 9c59270c3fd7afecdb556c50c9e8de78 -> 
  custom:audio-decoder-ogg-vorbis: bf7c407c2cedff20999df2af8eb42d56 -> 
  custom:audio-encoder-webm-vorbis: bf7c407c2cedff20999df2af8eb42d56 -> 
========================================================================
Received Prepare
Registering precompiled user dll's ...
Registered in 0.002538 seconds.
Begin MonoManager ReloadAssembly
Native extension for WindowsStandalone target not found
Refreshing native plugins compatible for Editor in 0.30 ms, found 2 plugins.
Preloading 0 native plugins for Editor in 0.00 ms.
Mono: successfully reloaded assembly
- Completed reload, in  0.699 seconds
Platform modules already initialized, skipping
Refreshing native plugins compatible for Editor in 0.24 ms, found 2 plugins.
Preloading 0 native plugins for Editor in 0.00 ms.
Unloading 1392 Unused Serialized files (Serialized files now loaded: 0)
System memory in use before: 68.4 MB.
System memory in use after: 68.4 MB.

Unloading 14 unused Assets to reduce memory usage. Loaded Objects now: 1898.
Total: 1.442000 ms (FindLiveObjects: 0.123000 ms CreateObjectMapping: 0.038800 ms MarkObjects: 1.238800 ms  DeleteObjects: 0.040800 ms)

AssetImportParameters requested are different than current active one (requested -> active):
  custom:framework-win-MediaFoundation: 216162199b28c13a410421893ffa2e32 -> 
  custom:video-decoder-ogg-theora: a1e56fd34408186e4bbccfd4996cb3dc -> 
  custom:container-muxer-webm: aa71ff27fc2769a1b78a27578f13a17b -> 
  custom:container-demuxer-webm: 4f35f7cbe854078d1ac9338744f61a02 -> 
  custom:container-demuxer-ogg: 62fdf1f143b41e24485cea50d1cbac27 -> 
  custom:video-encoder-webm-vp8: eb34c28f22e8b96e1ab97ce403110664 -> 
  custom:video-decoder-webm-vp8: 9c59270c3fd7afecdb556c50c9e8de78 -> 
  custom:audio-decoder-ogg-vorbis: bf7c407c2cedff20999df2af8eb42d56 -> 
  custom:audio-encoder-webm-vorbis: bf7c407c2cedff20999df2af8eb42d56 -> 
========================================================================
Received Import Request.
  Time since last request: 871.187718 seconds.
  path: Assets/Scripts/Scaler.cs
  artifactKey: Guid(45db486888857a14c87610ff4102d735) Importer(815301076,1909f56bfc062723c751e8b465ee728b)
Start importing Assets/Scripts/Scaler.cs using Guid(45db486888857a14c87610ff4102d735) Importer(815301076,1909f56bfc062723c751e8b465ee728b)  -> (artifact id: 'ee10ab6cd86a2f52875c3be4c270b0dc') in 0.002785 seconds 
  Import took 0.004455 seconds .

========================================================================
Received Prepare
Registering precompiled user dll's ...
Registered in 0.002041 seconds.
Begin MonoManager ReloadAssembly
Native extension for WindowsStandalone target not found
Refreshing native plugins compatible for Editor in 0.26 ms, found 2 plugins.
Preloading 0 native plugins for Editor in 0.00 ms.
Mono: successfully reloaded assembly
- Completed reload, in  0.697 seconds
Platform modules already initialized, skipping
Refreshing native plugins compatible for Editor in 0.24 ms, found 2 plugins.
Preloading 0 native plugins for Editor in 0.00 ms.
Unloading 1392 Unused Serialized files (Serialized files now loaded: 0)
System memory in use before: 68.4 MB.
System memory in use after: 68.4 MB.

Unloading 14 unused Assets to reduce memory usage. Loaded Objects now: 1901.
Total: 1.478500 ms (FindLiveObjects: 0.130600 ms CreateObjectMapping: 0.037900 ms MarkObjects: 1.266000 ms  DeleteObjects: 0.043000 ms)

AssetImportParameters requested are different than current active one (requested -> active):
  custom:framework-win-MediaFoundation: 216162199b28c13a410421893ffa2e32 -> 
  custom:video-decoder-ogg-theora: a1e56fd34408186e4bbccfd4996cb3dc -> 
  custom:container-muxer-webm: aa71ff27fc2769a1b78a27578f13a17b -> 
  custom:container-demuxer-webm: 4f35f7cbe854078d1ac9338744f61a02 -> 
  custom:container-demuxer-ogg: 62fdf1f143b41e24485cea50d1cbac27 -> 
  custom:video-encoder-webm-vp8: eb34c28f22e8b96e1ab97ce403110664 -> 
  custom:video-decoder-webm-vp8: 9c59270c3fd7afecdb556c50c9e8de78 -> 
  custom:audio-decoder-ogg-vorbis: bf7c407c2cedff20999df2af8eb42d56 -> 
  custom:audio-encoder-webm-vorbis: bf7c407c2cedff20999df2af8eb42d56 -> 
========================================================================
Received Import Request.
  Time since last request: 351.513947 seconds.
  path: Assets/Materials
  artifactKey: Guid(24aea8bef3b21324eb02c95fccccd2dc) Importer(815301076,1909f56bfc062723c751e8b465ee728b)
Start importing Assets/Materials using Guid(24aea8bef3b21324eb02c95fccccd2dc) Importer(815301076,1909f56bfc062723c751e8b465ee728b)  -> (artifact id: '46b531387a9083d4278e3c33981467b4') in 0.003548 seconds 
  Import took 0.005927 seconds .

========================================================================
Received Import Request.
  Time since last request: 86.275337 seconds.
  path: Assets/Prefabs/cube.prefab
  artifactKey: Guid(126b170600b494d1dad9257d3babd84a) Importer(815301076,1909f56bfc062723c751e8b465ee728b)
Start importing Assets/Prefabs/cube.prefab using Guid(126b170600b494d1dad9257d3babd84a) Importer(815301076,1909f56bfc062723c751e8b465ee728b)  -> (artifact id: '214818f06a51be8a66a6afbaf4769c51') in 0.045175 seconds 
  Import took 0.047290 seconds .

========================================================================
Received Import Request.
  Time since last request: 1.220358 seconds.
  path: Assets/Prefabs/musicCube.prefab
  artifactKey: Guid(217ce41aba6c9e541bbf10d8db60d296) Importer(815301076,1909f56bfc062723c751e8b465ee728b)
Start importing Assets/Prefabs/musicCube.prefab using Guid(217ce41aba6c9e541bbf10d8db60d296) Importer(815301076,1909f56bfc062723c751e8b465ee728b)  -> (artifact id: '6379094b44fe1b1f3201c6cf82bab3cd') in 0.011145 seconds 
  Import took 0.013373 seconds .

========================================================================
Received Import Request.
  Time since last request: 0.001510 seconds.
  path: Assets/Prefabs/musicCube.prefab
  artifactKey: Guid(217ce41aba6c9e541bbf10d8db60d296) Importer(815301076,1909f56bfc062723c751e8b465ee728b)
Start importing Assets/Prefabs/musicCube.prefab using Guid(217ce41aba6c9e541bbf10d8db60d296) Importer(815301076,1909f56bfc062723c751e8b465ee728b)  -> (artifact id: '6379094b44fe1b1f3201c6cf82bab3cd') in 0.005913 seconds 
  Import took 0.007720 seconds .

========================================================================
Received Prepare
Registering precompiled user dll's ...
Registered in 0.002052 seconds.
Begin MonoManager ReloadAssembly
Native extension for WindowsStandalone target not found
Refreshing native plugins compatible for Editor in 0.25 ms, found 2 plugins.
Preloading 0 native plugins for Editor in 0.00 ms.
Mono: successfully reloaded assembly
- Completed reload, in  0.677 seconds
Platform modules already initialized, skipping
Refreshing native plugins compatible for Editor in 0.24 ms, found 2 plugins.
Preloading 0 native plugins for Editor in 0.00 ms.
Unloading 1392 Unused Serialized files (Serialized files now loaded: 0)
System memory in use before: 68.4 MB.
System memory in use after: 68.5 MB.

Unloading 14 unused Assets to reduce memory usage. Loaded Objects now: 1905.
Total: 1.427500 ms (FindLiveObjects: 0.118600 ms CreateObjectMapping: 0.036600 ms MarkObjects: 1.235700 ms  DeleteObjects: 0.036000 ms)

AssetImportParameters requested are different than current active one (requested -> active):
  custom:framework-win-MediaFoundation: 216162199b28c13a410421893ffa2e32 -> 
  custom:video-decoder-ogg-theora: a1e56fd34408186e4bbccfd4996cb3dc -> 
  custom:container-muxer-webm: aa71ff27fc2769a1b78a27578f13a17b -> 
  custom:container-demuxer-webm: 4f35f7cbe854078d1ac9338744f61a02 -> 
  custom:container-demuxer-ogg: 62fdf1f143b41e24485cea50d1cbac27 -> 
  custom:video-encoder-webm-vp8: eb34c28f22e8b96e1ab97ce403110664 -> 
  custom:video-decoder-webm-vp8: 9c59270c3fd7afecdb556c50c9e8de78 -> 
  custom:audio-decoder-ogg-vorbis: bf7c407c2cedff20999df2af8eb42d56 -> 
  custom:audio-encoder-webm-vorbis: bf7c407c2cedff20999df2af8eb42d56 -> 
========================================================================
Received Prepare
Registering precompiled user dll's ...
Registered in 0.001930 seconds.
Begin MonoManager ReloadAssembly
Native extension for WindowsStandalone target not found
Refreshing native plugins compatible for Editor in 0.25 ms, found 2 plugins.
Preloading 0 native plugins for Editor in 0.00 ms.
Mono: successfully reloaded assembly
- Completed reload, in  0.661 seconds
Platform modules already initialized, skipping
Refreshing native plugins compatible for Editor in 0.25 ms, found 2 plugins.
Preloading 0 native plugins for Editor in 0.00 ms.
Unloading 1392 Unused Serialized files (Serialized files now loaded: 0)
System memory in use before: 68.4 MB.
System memory in use after: 68.5 MB.

Unloading 14 unused Assets to reduce memory usage. Loaded Objects now: 1908.
Total: 1.624300 ms (FindLiveObjects: 0.181100 ms CreateObjectMapping: 0.108000 ms MarkObjects: 1.293200 ms  DeleteObjects: 0.041200 ms)

AssetImportParameters requested are different than current active one (requested -> active):
  custom:framework-win-MediaFoundation: 216162199b28c13a410421893ffa2e32 -> 
  custom:video-decoder-ogg-theora: a1e56fd34408186e4bbccfd4996cb3dc -> 
  custom:container-muxer-webm: aa71ff27fc2769a1b78a27578f13a17b -> 
  custom:container-demuxer-webm: 4f35f7cbe854078d1ac9338744f61a02 -> 
  custom:container-demuxer-ogg: 62fdf1f143b41e24485cea50d1cbac27 -> 
  custom:video-encoder-webm-vp8: eb34c28f22e8b96e1ab97ce403110664 -> 
  custom:video-decoder-webm-vp8: 9c59270c3fd7afecdb556c50c9e8de78 -> 
  custom:audio-decoder-ogg-vorbis: bf7c407c2cedff20999df2af8eb42d56 -> 
  custom:audio-encoder-webm-vorbis: bf7c407c2cedff20999df2af8eb42d56 -> 
========================================================================
Received Prepare
Registering precompiled user dll's ...
Registered in 0.002047 seconds.
Begin MonoManager ReloadAssembly
Native extension for WindowsStandalone target not found
Refreshing native plugins compatible for Editor in 0.25 ms, found 2 plugins.
Preloading 0 native plugins for Editor in 0.00 ms.
Mono: successfully reloaded assembly
- Completed reload, in  0.687 seconds
Platform modules already initialized, skipping
Refreshing native plugins compatible for Editor in 0.23 ms, found 2 plugins.
Preloading 0 native plugins for Editor in 0.00 ms.
Unloading 1392 Unused Serialized files (Serialized files now loaded: 0)
System memory in use before: 68.4 MB.
System memory in use after: 68.5 MB.

Unloading 14 unused Assets to reduce memory usage. Loaded Objects now: 1911.
Total: 1.439000 ms (FindLiveObjects: 0.117700 ms CreateObjectMapping: 0.036600 ms MarkObjects: 1.245100 ms  DeleteObjects: 0.038800 ms)

AssetImportParameters requested are different than current active one (requested -> active):
  custom:framework-win-MediaFoundation: 216162199b28c13a410421893ffa2e32 -> 
  custom:video-decoder-ogg-theora: a1e56fd34408186e4bbccfd4996cb3dc -> 
  custom:container-muxer-webm: aa71ff27fc2769a1b78a27578f13a17b -> 
  custom:container-demuxer-webm: 4f35f7cbe854078d1ac9338744f61a02 -> 
  custom:container-demuxer-ogg: 62fdf1f143b41e24485cea50d1cbac27 -> 
  custom:video-encoder-webm-vp8: eb34c28f22e8b96e1ab97ce403110664 -> 
  custom:video-decoder-webm-vp8: 9c59270c3fd7afecdb556c50c9e8de78 -> 
  custom:audio-decoder-ogg-vorbis: bf7c407c2cedff20999df2af8eb42d56 -> 
  custom:audio-encoder-webm-vorbis: bf7c407c2cedff20999df2af8eb42d56 -> 
========================================================================
Received Import Request.
  Time since last request: 314.241192 seconds.
  path: Assets/Scripts/Floater.cs
  artifactKey: Guid(1fd2064b6c1e26645bddc67985bfb9da) Importer(815301076,1909f56bfc062723c751e8b465ee728b)
Start importing Assets/Scripts/Floater.cs using Guid(1fd2064b6c1e26645bddc67985bfb9da) Importer(815301076,1909f56bfc062723c751e8b465ee728b)  -> (artifact id: 'fbbdf0eab010e7cc04306815e54b1761') in 0.002708 seconds 
  Import took 0.004224 seconds .

========================================================================
Received Prepare
Registering precompiled user dll's ...
Registered in 0.001989 seconds.
Begin MonoManager ReloadAssembly
Native extension for WindowsStandalone target not found
Refreshing native plugins compatible for Editor in 0.25 ms, found 2 plugins.
Preloading 0 native plugins for Editor in 0.00 ms.
Mono: successfully reloaded assembly
- Completed reload, in  0.688 seconds
Platform modules already initialized, skipping
Refreshing native plugins compatible for Editor in 0.24 ms, found 2 plugins.
Preloading 0 native plugins for Editor in 0.00 ms.
Unloading 1392 Unused Serialized files (Serialized files now loaded: 0)
System memory in use before: 68.4 MB.
System memory in use after: 68.5 MB.

Unloading 14 unused Assets to reduce memory usage. Loaded Objects now: 1914.
Total: 1.448800 ms (FindLiveObjects: 0.129500 ms CreateObjectMapping: 0.035100 ms MarkObjects: 1.247600 ms  DeleteObjects: 0.035600 ms)

AssetImportParameters requested are different than current active one (requested -> active):
  custom:framework-win-MediaFoundation: 216162199b28c13a410421893ffa2e32 -> 
  custom:video-decoder-ogg-theora: a1e56fd34408186e4bbccfd4996cb3dc -> 
  custom:container-muxer-webm: aa71ff27fc2769a1b78a27578f13a17b -> 
  custom:container-demuxer-webm: 4f35f7cbe854078d1ac9338744f61a02 -> 
  custom:container-demuxer-ogg: 62fdf1f143b41e24485cea50d1cbac27 -> 
  custom:video-encoder-webm-vp8: eb34c28f22e8b96e1ab97ce403110664 -> 
  custom:video-decoder-webm-vp8: 9c59270c3fd7afecdb556c50c9e8de78 -> 
  custom:audio-decoder-ogg-vorbis: bf7c407c2cedff20999df2af8eb42d56 -> 
  custom:audio-encoder-webm-vorbis: bf7c407c2cedff20999df2af8eb42d56 -> 
========================================================================
Received Import Request.
  Time since last request: 11.140245 seconds.
  path: Assets/Scripts/Floater.cs
  artifactKey: Guid(1fd2064b6c1e26645bddc67985bfb9da) Importer(815301076,1909f56bfc062723c751e8b465ee728b)
Start importing Assets/Scripts/Floater.cs using Guid(1fd2064b6c1e26645bddc67985bfb9da) Importer(815301076,1909f56bfc062723c751e8b465ee728b)  -> (artifact id: '025768afe0b28d25daa02e6361e74c18') in 0.002570 seconds 
  Import took 0.013786 seconds .

========================================================================
Received Prepare
Registering precompiled user dll's ...
Registered in 0.002150 seconds.
Begin MonoManager ReloadAssembly
Native extension for WindowsStandalone target not found
Refreshing native plugins compatible for Editor in 0.44 ms, found 2 plugins.
Preloading 0 native plugins for Editor in 0.00 ms.
Mono: successfully reloaded assembly
- Completed reload, in  0.805 seconds
Platform modules already initialized, skipping
Refreshing native plugins compatible for Editor in 0.26 ms, found 2 plugins.
Preloading 0 native plugins for Editor in 0.00 ms.
Unloading 1392 Unused Serialized files (Serialized files now loaded: 0)
System memory in use before: 68.4 MB.
System memory in use after: 68.5 MB.

Unloading 14 unused Assets to reduce memory usage. Loaded Objects now: 1917.
Total: 1.788500 ms (FindLiveObjects: 0.136200 ms CreateObjectMapping: 0.041900 ms MarkObjects: 1.568800 ms  DeleteObjects: 0.040700 ms)

AssetImportParameters requested are different than current active one (requested -> active):
  custom:framework-win-MediaFoundation: 216162199b28c13a410421893ffa2e32 -> 
  custom:video-decoder-ogg-theora: a1e56fd34408186e4bbccfd4996cb3dc -> 
  custom:container-muxer-webm: aa71ff27fc2769a1b78a27578f13a17b -> 
  custom:container-demuxer-webm: 4f35f7cbe854078d1ac9338744f61a02 -> 
  custom:container-demuxer-ogg: 62fdf1f143b41e24485cea50d1cbac27 -> 
  custom:video-encoder-webm-vp8: eb34c28f22e8b96e1ab97ce403110664 -> 
  custom:video-decoder-webm-vp8: 9c59270c3fd7afecdb556c50c9e8de78 -> 
  custom:audio-decoder-ogg-vorbis: bf7c407c2cedff20999df2af8eb42d56 -> 
  custom:audio-encoder-webm-vorbis: bf7c407c2cedff20999df2af8eb42d56 -> 
========================================================================
Received Import Request.
  Time since last request: 56.111675 seconds.
  path: Assets/Scripts/ColorChanger.cs
  artifactKey: Guid(af86d3065fbdb5b4aac26c6f56190c70) Importer(815301076,1909f56bfc062723c751e8b465ee728b)
Start importing Assets/Scripts/ColorChanger.cs using Guid(af86d3065fbdb5b4aac26c6f56190c70) Importer(815301076,1909f56bfc062723c751e8b465ee728b)  -> (artifact id: '669ee2469da30be958a6a409b850a69b') in 0.003767 seconds 
  Import took 0.005667 seconds .

========================================================================
Received Prepare
Registering precompiled user dll's ...
Registered in 0.002035 seconds.
Begin MonoManager ReloadAssembly
Native extension for WindowsStandalone target not found
Refreshing native plugins compatible for Editor in 0.26 ms, found 2 plugins.
Preloading 0 native plugins for Editor in 0.00 ms.
Mono: successfully reloaded assembly
- Completed reload, in  0.674 seconds
Platform modules already initialized, skipping
Refreshing native plugins compatible for Editor in 0.26 ms, found 2 plugins.
Preloading 0 native plugins for Editor in 0.00 ms.
Unloading 1392 Unused Serialized files (Serialized files now loaded: 0)
System memory in use before: 68.4 MB.
System memory in use after: 68.5 MB.

Unloading 14 unused Assets to reduce memory usage. Loaded Objects now: 1920.
Total: 1.495600 ms (FindLiveObjects: 0.124200 ms CreateObjectMapping: 0.049200 ms MarkObjects: 1.283900 ms  DeleteObjects: 0.037400 ms)

AssetImportParameters requested are different than current active one (requested -> active):
  custom:framework-win-MediaFoundation: 216162199b28c13a410421893ffa2e32 -> 
  custom:video-decoder-ogg-theora: a1e56fd34408186e4bbccfd4996cb3dc -> 
  custom:container-muxer-webm: aa71ff27fc2769a1b78a27578f13a17b -> 
  custom:container-demuxer-webm: 4f35f7cbe854078d1ac9338744f61a02 -> 
  custom:container-demuxer-ogg: 62fdf1f143b41e24485cea50d1cbac27 -> 
  custom:video-encoder-webm-vp8: eb34c28f22e8b96e1ab97ce403110664 -> 
  custom:video-decoder-webm-vp8: 9c59270c3fd7afecdb556c50c9e8de78 -> 
  custom:audio-decoder-ogg-vorbis: bf7c407c2cedff20999df2af8eb42d56 -> 
  custom:audio-encoder-webm-vorbis: bf7c407c2cedff20999df2af8eb42d56 -> 
========================================================================
Received Import Request.
  Time since last request: 73.953445 seconds.
  path: Assets/Scripts/ColorChanger.cs
  artifactKey: Guid(af86d3065fbdb5b4aac26c6f56190c70) Importer(815301076,1909f56bfc062723c751e8b465ee728b)
Start importing Assets/Scripts/ColorChanger.cs using Guid(af86d3065fbdb5b4aac26c6f56190c70) Importer(815301076,1909f56bfc062723c751e8b465ee728b)  -> (artifact id: '283528a3a9e40ba095f0147b6a0f3ad4') in 0.002837 seconds 
  Import took 0.004567 seconds .

========================================================================
Received Prepare
Registering precompiled user dll's ...
Registered in 0.002025 seconds.
Begin MonoManager ReloadAssembly
Native extension for WindowsStandalone target not found
Refreshing native plugins compatible for Editor in 0.25 ms, found 2 plugins.
Preloading 0 native plugins for Editor in 0.00 ms.
Mono: successfully reloaded assembly
- Completed reload, in  0.707 seconds
Platform modules already initialized, skipping
Refreshing native plugins compatible for Editor in 0.24 ms, found 2 plugins.
Preloading 0 native plugins for Editor in 0.00 ms.
Unloading 1392 Unused Serialized files (Serialized files now loaded: 0)
System memory in use before: 68.4 MB.
System memory in use after: 68.5 MB.

Unloading 14 unused Assets to reduce memory usage. Loaded Objects now: 1923.
Total: 1.536900 ms (FindLiveObjects: 0.135500 ms CreateObjectMapping: 0.035900 ms MarkObjects: 1.317800 ms  DeleteObjects: 0.046700 ms)

AssetImportParameters requested are different than current active one (requested -> active):
  custom:framework-win-MediaFoundation: 216162199b28c13a410421893ffa2e32 -> 
  custom:video-decoder-ogg-theora: a1e56fd34408186e4bbccfd4996cb3dc -> 
  custom:container-muxer-webm: aa71ff27fc2769a1b78a27578f13a17b -> 
  custom:container-demuxer-webm: 4f35f7cbe854078d1ac9338744f61a02 -> 
  custom:container-demuxer-ogg: 62fdf1f143b41e24485cea50d1cbac27 -> 
  custom:video-encoder-webm-vp8: eb34c28f22e8b96e1ab97ce403110664 -> 
  custom:video-decoder-webm-vp8: 9c59270c3fd7afecdb556c50c9e8de78 -> 
  custom:audio-decoder-ogg-vorbis: bf7c407c2cedff20999df2af8eb42d56 -> 
  custom:audio-encoder-webm-vorbis: bf7c407c2cedff20999df2af8eb42d56 -> 
========================================================================
Received Import Request.
  Time since last request: 330.920206 seconds.
  path: Assets/Scripts/ColorChanger.cs
  artifactKey: Guid(af86d3065fbdb5b4aac26c6f56190c70) Importer(815301076,1909f56bfc062723c751e8b465ee728b)
Start importing Assets/Scripts/ColorChanger.cs using Guid(af86d3065fbdb5b4aac26c6f56190c70) Importer(815301076,1909f56bfc062723c751e8b465ee728b)  -> (artifact id: '164eb85998b29039f943481ed4309d72') in 0.003695 seconds 
  Import took 0.007037 seconds .

========================================================================
Received Import Request.
  Time since last request: 0.001183 seconds.
  path: Assets/Scripts/ColorChanger.cs
  artifactKey: Guid(af86d3065fbdb5b4aac26c6f56190c70) Importer(815301076,1909f56bfc062723c751e8b465ee728b)
Start importing Assets/Scripts/ColorChanger.cs using Guid(af86d3065fbdb5b4aac26c6f56190c70) Importer(815301076,1909f56bfc062723c751e8b465ee728b)  -> (artifact id: '164eb85998b29039f943481ed4309d72') in 0.001349 seconds 
  Import took 0.003031 seconds .

========================================================================
Received Prepare
Registering precompiled user dll's ...
Registered in 0.002003 seconds.
Begin MonoManager ReloadAssembly
Native extension for WindowsStandalone target not found
Refreshing native plugins compatible for Editor in 0.25 ms, found 2 plugins.
Preloading 0 native plugins for Editor in 0.00 ms.
Mono: successfully reloaded assembly
- Completed reload, in  0.697 seconds
Platform modules already initialized, skipping
Refreshing native plugins compatible for Editor in 0.25 ms, found 2 plugins.
Preloading 0 native plugins for Editor in 0.00 ms.
Unloading 1392 Unused Serialized files (Serialized files now loaded: 0)
System memory in use before: 68.4 MB.
System memory in use after: 68.5 MB.

Unloading 14 unused Assets to reduce memory usage. Loaded Objects now: 1926.
Total: 1.406800 ms (FindLiveObjects: 0.119700 ms CreateObjectMapping: 0.035600 ms MarkObjects: 1.213500 ms  DeleteObjects: 0.037400 ms)

AssetImportParameters requested are different than current active one (requested -> active):
  custom:framework-win-MediaFoundation: 216162199b28c13a410421893ffa2e32 -> 
  custom:video-decoder-ogg-theora: a1e56fd34408186e4bbccfd4996cb3dc -> 
  custom:container-muxer-webm: aa71ff27fc2769a1b78a27578f13a17b -> 
  custom:container-demuxer-webm: 4f35f7cbe854078d1ac9338744f61a02 -> 
  custom:container-demuxer-ogg: 62fdf1f143b41e24485cea50d1cbac27 -> 
  custom:video-encoder-webm-vp8: eb34c28f22e8b96e1ab97ce403110664 -> 
  custom:video-decoder-webm-vp8: 9c59270c3fd7afecdb556c50c9e8de78 -> 
  custom:audio-decoder-ogg-vorbis: bf7c407c2cedff20999df2af8eb42d56 -> 
  custom:audio-encoder-webm-vorbis: bf7c407c2cedff20999df2af8eb42d56 -> 
========================================================================
Received Import Request.
  Time since last request: 107.358832 seconds.
  path: Assets/Scripts/ColorChanger.cs
  artifactKey: Guid(af86d3065fbdb5b4aac26c6f56190c70) Importer(815301076,1909f56bfc062723c751e8b465ee728b)
Start importing Assets/Scripts/ColorChanger.cs using Guid(af86d3065fbdb5b4aac26c6f56190c70) Importer(815301076,1909f56bfc062723c751e8b465ee728b)  -> (artifact id: '3f38bb44885b3e1339585c40c2c012ef') in 0.002648 seconds 
  Import took 0.004243 seconds .

========================================================================
Received Prepare
Registering precompiled user dll's ...
Registered in 0.001996 seconds.
Begin MonoManager ReloadAssembly
Native extension for WindowsStandalone target not found
Refreshing native plugins compatible for Editor in 0.25 ms, found 2 plugins.
Preloading 0 native plugins for Editor in 0.00 ms.
Mono: successfully reloaded assembly
- Completed reload, in  0.688 seconds
Platform modules already initialized, skipping
Refreshing native plugins compatible for Editor in 0.23 ms, found 2 plugins.
Preloading 0 native plugins for Editor in 0.00 ms.
Unloading 1392 Unused Serialized files (Serialized files now loaded: 0)
System memory in use before: 68.4 MB.
System memory in use after: 68.5 MB.

Unloading 14 unused Assets to reduce memory usage. Loaded Objects now: 1929.
Total: 1.531500 ms (FindLiveObjects: 0.118700 ms CreateObjectMapping: 0.035400 ms MarkObjects: 1.341800 ms  DeleteObjects: 0.034700 ms)

AssetImportParameters requested are different than current active one (requested -> active):
  custom:framework-win-MediaFoundation: 216162199b28c13a410421893ffa2e32 -> 
  custom:video-decoder-ogg-theora: a1e56fd34408186e4bbccfd4996cb3dc -> 
  custom:container-muxer-webm: aa71ff27fc2769a1b78a27578f13a17b -> 
  custom:container-demuxer-webm: 4f35f7cbe854078d1ac9338744f61a02 -> 
  custom:container-demuxer-ogg: 62fdf1f143b41e24485cea50d1cbac27 -> 
  custom:video-encoder-webm-vp8: eb34c28f22e8b96e1ab97ce403110664 -> 
  custom:video-decoder-webm-vp8: 9c59270c3fd7afecdb556c50c9e8de78 -> 
  custom:audio-decoder-ogg-vorbis: bf7c407c2cedff20999df2af8eb42d56 -> 
  custom:audio-encoder-webm-vorbis: bf7c407c2cedff20999df2af8eb42d56 -> 
========================================================================
Received Prepare
Registering precompiled user dll's ...
Registered in 0.001994 seconds.
Begin MonoManager ReloadAssembly
Native extension for WindowsStandalone target not found
Refreshing native plugins compatible for Editor in 0.25 ms, found 2 plugins.
Preloading 0 native plugins for Editor in 0.00 ms.
Mono: successfully reloaded assembly
- Completed reload, in  0.695 seconds
Platform modules already initialized, skipping
Refreshing native plugins compatible for Editor in 0.24 ms, found 2 plugins.
Preloading 0 native plugins for Editor in 0.00 ms.
Unloading 1392 Unused Serialized files (Serialized files now loaded: 0)
System memory in use before: 68.4 MB.
System memory in use after: 68.5 MB.

Unloading 14 unused Assets to reduce memory usage. Loaded Objects now: 1932.
Total: 1.604400 ms (FindLiveObjects: 0.136900 ms CreateObjectMapping: 0.037800 ms MarkObjects: 1.391700 ms  DeleteObjects: 0.037300 ms)

AssetImportParameters requested are different than current active one (requested -> active):
  custom:framework-win-MediaFoundation: 216162199b28c13a410421893ffa2e32 -> 
  custom:video-decoder-ogg-theora: a1e56fd34408186e4bbccfd4996cb3dc -> 
  custom:container-muxer-webm: aa71ff27fc2769a1b78a27578f13a17b -> 
  custom:container-demuxer-webm: 4f35f7cbe854078d1ac9338744f61a02 -> 
  custom:container-demuxer-ogg: 62fdf1f143b41e24485cea50d1cbac27 -> 
  custom:video-encoder-webm-vp8: eb34c28f22e8b96e1ab97ce403110664 -> 
  custom:video-decoder-webm-vp8: 9c59270c3fd7afecdb556c50c9e8de78 -> 
  custom:audio-decoder-ogg-vorbis: bf7c407c2cedff20999df2af8eb42d56 -> 
  custom:audio-encoder-webm-vorbis: bf7c407c2cedff20999df2af8eb42d56 -> 
========================================================================
Received Prepare
Registering precompiled user dll's ...
Registered in 0.002039 seconds.
Begin MonoManager ReloadAssembly
Native extension for WindowsStandalone target not found
Refreshing native plugins compatible for Editor in 0.41 ms, found 2 plugins.
Preloading 0 native plugins for Editor in 0.00 ms.
Mono: successfully reloaded assembly
- Completed reload, in  0.704 seconds
Platform modules already initialized, skipping
Refreshing native plugins compatible for Editor in 0.23 ms, found 2 plugins.
Preloading 0 native plugins for Editor in 0.00 ms.
Unloading 1392 Unused Serialized files (Serialized files now loaded: 0)
System memory in use before: 68.5 MB.
System memory in use after: 68.5 MB.

Unloading 14 unused Assets to reduce memory usage. Loaded Objects now: 1935.
Total: 1.446600 ms (FindLiveObjects: 0.118500 ms CreateObjectMapping: 0.036600 ms MarkObjects: 1.254900 ms  DeleteObjects: 0.036100 ms)

AssetImportParameters requested are different than current active one (requested -> active):
  custom:framework-win-MediaFoundation: 216162199b28c13a410421893ffa2e32 -> 
  custom:video-decoder-ogg-theora: a1e56fd34408186e4bbccfd4996cb3dc -> 
  custom:container-muxer-webm: aa71ff27fc2769a1b78a27578f13a17b -> 
  custom:container-demuxer-webm: 4f35f7cbe854078d1ac9338744f61a02 -> 
  custom:container-demuxer-ogg: 62fdf1f143b41e24485cea50d1cbac27 -> 
  custom:video-encoder-webm-vp8: eb34c28f22e8b96e1ab97ce403110664 -> 
  custom:video-decoder-webm-vp8: 9c59270c3fd7afecdb556c50c9e8de78 -> 
  custom:audio-decoder-ogg-vorbis: bf7c407c2cedff20999df2af8eb42d56 -> 
  custom:audio-encoder-webm-vorbis: bf7c407c2cedff20999df2af8eb42d56 -> 
========================================================================
Received Prepare
Registering precompiled user dll's ...
Registered in 0.001973 seconds.
Begin MonoManager ReloadAssembly
Native extension for WindowsStandalone target not found
Refreshing native plugins compatible for Editor in 0.26 ms, found 2 plugins.
Preloading 0 native plugins for Editor in 0.00 ms.
Mono: successfully reloaded assembly
- Completed reload, in  0.699 seconds
Platform modules already initialized, skipping
Refreshing native plugins compatible for Editor in 0.24 ms, found 2 plugins.
Preloading 0 native plugins for Editor in 0.00 ms.
Unloading 1392 Unused Serialized files (Serialized files now loaded: 0)
System memory in use before: 68.5 MB.
System memory in use after: 68.5 MB.

Unloading 14 unused Assets to reduce memory usage. Loaded Objects now: 1938.
Total: 1.448700 ms (FindLiveObjects: 0.121500 ms CreateObjectMapping: 0.036300 ms MarkObjects: 1.249600 ms  DeleteObjects: 0.040700 ms)

AssetImportParameters requested are different than current active one (requested -> active):
  custom:framework-win-MediaFoundation: 216162199b28c13a410421893ffa2e32 -> 
  custom:video-decoder-ogg-theora: a1e56fd34408186e4bbccfd4996cb3dc -> 
  custom:container-muxer-webm: aa71ff27fc2769a1b78a27578f13a17b -> 
  custom:container-demuxer-webm: 4f35f7cbe854078d1ac9338744f61a02 -> 
  custom:container-demuxer-ogg: 62fdf1f143b41e24485cea50d1cbac27 -> 
  custom:video-encoder-webm-vp8: eb34c28f22e8b96e1ab97ce403110664 -> 
  custom:video-decoder-webm-vp8: 9c59270c3fd7afecdb556c50c9e8de78 -> 
  custom:audio-decoder-ogg-vorbis: bf7c407c2cedff20999df2af8eb42d56 -> 
  custom:audio-encoder-webm-vorbis: bf7c407c2cedff20999df2af8eb42d56 -> 
========================================================================
Received Prepare
Registering precompiled user dll's ...
Registered in 0.002611 seconds.
Begin MonoManager ReloadAssembly
Native extension for WindowsStandalone target not found
Refreshing native plugins compatible for Editor in 0.25 ms, found 2 plugins.
Preloading 0 native plugins for Editor in 0.00 ms.
Mono: successfully reloaded assembly
- Completed reload, in  0.697 seconds
Platform modules already initialized, skipping
Refreshing native plugins compatible for Editor in 0.25 ms, found 2 plugins.
Preloading 0 native plugins for Editor in 0.00 ms.
Unloading 1392 Unused Serialized files (Serialized files now loaded: 0)
System memory in use before: 68.4 MB.
System memory in use after: 68.5 MB.

Unloading 14 unused Assets to reduce memory usage. Loaded Objects now: 1941.
Total: 1.448700 ms (FindLiveObjects: 0.122000 ms CreateObjectMapping: 0.036700 ms MarkObjects: 1.251800 ms  DeleteObjects: 0.037500 ms)

AssetImportParameters requested are different than current active one (requested -> active):
  custom:framework-win-MediaFoundation: 216162199b28c13a410421893ffa2e32 -> 
  custom:video-decoder-ogg-theora: a1e56fd34408186e4bbccfd4996cb3dc -> 
  custom:container-muxer-webm: aa71ff27fc2769a1b78a27578f13a17b -> 
  custom:container-demuxer-webm: 4f35f7cbe854078d1ac9338744f61a02 -> 
  custom:container-demuxer-ogg: 62fdf1f143b41e24485cea50d1cbac27 -> 
  custom:video-encoder-webm-vp8: eb34c28f22e8b96e1ab97ce403110664 -> 
  custom:video-decoder-webm-vp8: 9c59270c3fd7afecdb556c50c9e8de78 -> 
  custom:audio-decoder-ogg-vorbis: bf7c407c2cedff20999df2af8eb42d56 -> 
  custom:audio-encoder-webm-vorbis: bf7c407c2cedff20999df2af8eb42d56 -> 
========================================================================
Received Prepare
Registering precompiled user dll's ...
Registered in 0.001954 seconds.
Begin MonoManager ReloadAssembly
Native extension for WindowsStandalone target not found
Refreshing native plugins compatible for Editor in 0.26 ms, found 2 plugins.
Preloading 0 native plugins for Editor in 0.00 ms.
Mono: successfully reloaded assembly
- Completed reload, in  0.698 seconds
Platform modules already initialized, skipping
Refreshing native plugins compatible for Editor in 0.23 ms, found 2 plugins.
Preloading 0 native plugins for Editor in 0.00 ms.
Unloading 1392 Unused Serialized files (Serialized files now loaded: 0)
System memory in use before: 68.4 MB.
System memory in use after: 68.5 MB.

Unloading 14 unused Assets to reduce memory usage. Loaded Objects now: 1944.
Total: 1.540400 ms (FindLiveObjects: 0.121700 ms CreateObjectMapping: 0.035000 ms MarkObjects: 1.348500 ms  DeleteObjects: 0.034500 ms)

AssetImportParameters requested are different than current active one (requested -> active):
  custom:framework-win-MediaFoundation: 216162199b28c13a410421893ffa2e32 -> 
  custom:video-decoder-ogg-theora: a1e56fd34408186e4bbccfd4996cb3dc -> 
  custom:container-muxer-webm: aa71ff27fc2769a1b78a27578f13a17b -> 
  custom:container-demuxer-webm: 4f35f7cbe854078d1ac9338744f61a02 -> 
  custom:container-demuxer-ogg: 62fdf1f143b41e24485cea50d1cbac27 -> 
  custom:video-encoder-webm-vp8: eb34c28f22e8b96e1ab97ce403110664 -> 
  custom:video-decoder-webm-vp8: 9c59270c3fd7afecdb556c50c9e8de78 -> 
  custom:audio-decoder-ogg-vorbis: bf7c407c2cedff20999df2af8eb42d56 -> 
  custom:audio-encoder-webm-vorbis: bf7c407c2cedff20999df2af8eb42d56 -> 
========================================================================
Received Prepare
Registering precompiled user dll's ...
Registered in 0.001891 seconds.
Begin MonoManager ReloadAssembly
Native extension for WindowsStandalone target not found
Refreshing native plugins compatible for Editor in 0.25 ms, found 2 plugins.
Preloading 0 native plugins for Editor in 0.00 ms.
Mono: successfully reloaded assembly
- Completed reload, in  0.680 seconds
Platform modules already initialized, skipping
Refreshing native plugins compatible for Editor in 0.23 ms, found 2 plugins.
Preloading 0 native plugins for Editor in 0.00 ms.
Unloading 1392 Unused Serialized files (Serialized files now loaded: 0)
System memory in use before: 68.5 MB.
System memory in use after: 68.5 MB.

Unloading 14 unused Assets to reduce memory usage. Loaded Objects now: 1947.
Total: 1.420200 ms (FindLiveObjects: 0.123200 ms CreateObjectMapping: 0.034500 ms MarkObjects: 1.227500 ms  DeleteObjects: 0.034300 ms)

AssetImportParameters requested are different than current active one (requested -> active):
  custom:framework-win-MediaFoundation: 216162199b28c13a410421893ffa2e32 -> 
  custom:video-decoder-ogg-theora: a1e56fd34408186e4bbccfd4996cb3dc -> 
  custom:container-muxer-webm: aa71ff27fc2769a1b78a27578f13a17b -> 
  custom:container-demuxer-webm: 4f35f7cbe854078d1ac9338744f61a02 -> 
  custom:container-demuxer-ogg: 62fdf1f143b41e24485cea50d1cbac27 -> 
  custom:video-encoder-webm-vp8: eb34c28f22e8b96e1ab97ce403110664 -> 
  custom:video-decoder-webm-vp8: 9c59270c3fd7afecdb556c50c9e8de78 -> 
  custom:audio-decoder-ogg-vorbis: bf7c407c2cedff20999df2af8eb42d56 -> 
  custom:audio-encoder-webm-vorbis: bf7c407c2cedff20999df2af8eb42d56 -> 
AssetImportWorkerClient::OnTransportError - code=2 error=End of file
